000 (6767.001.000) 2026-04-20 23:18:31 Job submitted from host: <128.105.76.6:9618?addrs=128.105.76.6-9618+[2607-f388-2200-100-216-3eff-fe63-f8a5]-9618&alias=learn.chtc.wisc.edu&noUDP&sock=schedd_6739_f8d1>
...
040 (6767.001.000) 2026-04-20 23:18:51 Started transferring input files
	Transferring to host: <128.105.68.46:9618?addrs=128.105.68.46-9618+[2607-f388-2200-100-3680-dff-fe2e-8780]-9618&alias=e2476.chtc.wisc.edu&noUDP&sock=slot1_34_2894634_4386_93302>
...
040 (6767.001.000) 2026-04-20 23:19:05 Finished transferring input files
...
001 (6767.001.000) 2026-04-20 23:19:05 Job executing on host: <128.105.68.46:9618?addrs=128.105.68.46-9618+[2607-f388-2200-100-3680-dff-fe2e-8780]-9618&alias=e2476.chtc.wisc.edu&noUDP&sock=startd_11549_3b5b>
	SlotName: slot1_34@e2476.chtc.wisc.edu
	CondorScratchDir = "/var/lib/condor/execute/slot1/dir_2311690/scratch"
	Cpus = 1
	Disk = 1048576
	GPUs = 0
	IoHeavy = 0
	Memory = 1024
...
006 (6767.001.000) 2026-04-20 23:19:14 Image size of job updated: 298196
	292  -  MemoryUsage of job (MB)
	298196  -  ResidentSetSize of job (KB)
...
006 (6767.001.000) 2026-04-20 23:19:35 Image size of job updated: 377072
	292  -  MemoryUsage of job (MB)
	298248  -  ResidentSetSize of job (KB)
...
040 (6767.001.000) 2026-04-20 23:19:35 Started transferring output files
...
040 (6767.001.000) 2026-04-20 23:19:35 Finished transferring output files
...
005 (6767.001.000) 2026-04-20 23:19:36 Job terminated.
	(1) Normal termination (return value 0)
		Usr 0 00:00:09, Sys 0 00:00:02  -  Run Remote Usage
		Usr 0 00:00:00, Sys 0 00:00:00  -  Run Local Usage
		Usr 0 00:00:09, Sys 0 00:00:02  -  Total Remote Usage
		Usr 0 00:00:00, Sys 0 00:00:00  -  Total Local Usage
	2714  -  Run Bytes Sent By Job
	877102776  -  Run Bytes Received By Job
	2714  -  Total Bytes Sent By Job
	877102776  -  Total Bytes Received By Job
	Partitionable Resources :     Usage  Request Allocated 
	   Cpus                 :      0.45        1         1 
	   Disk (KB)            : 856576     1048576   1048576 
	   GPUs                 :                            0 
	   IoHeavy              :                            0 
	   Memory (MB)          :    292        1024      1024 
	   TimeExecute (s)      :     30                       
	   TimeSlotBusy (s)     :     44                       
...
