000 (6610.003.000) 2026-04-20 11:16:44 Job submitted from host: <128.105.76.6:9618?addrs=128.105.76.6-9618+[2607-f388-2200-100-216-3eff-fe63-f8a5]-9618&alias=learn.chtc.wisc.edu&noUDP&sock=schedd_6739_f8d1>
...
040 (6610.003.000) 2026-04-20 11:17:00 Started transferring input files
	Transferring to host: <128.105.68.36:9618?addrs=128.105.68.36-9618+[2607-f388-2200-100-3680-dff-fe2e-7f70]-9618&alias=e2466.chtc.wisc.edu&noUDP&sock=slot1_22_2366436_fd5f_106238>
...
040 (6610.003.000) 2026-04-20 11:17:07 Finished transferring input files
...
001 (6610.003.000) 2026-04-20 11:17:07 Job executing on host: <128.105.68.36:9618?addrs=128.105.68.36-9618+[2607-f388-2200-100-3680-dff-fe2e-7f70]-9618&alias=e2466.chtc.wisc.edu&noUDP&sock=startd_11892_8057>
	SlotName: slot1_22@e2466.chtc.wisc.edu
	CondorScratchDir = "/var/lib/condor/execute/slot1/dir_65887/scratch"
	Cpus = 1
	Disk = 1048576
	GPUs = 0
	IoHeavy = 0
	Memory = 512
...
006 (6610.003.000) 2026-04-20 11:17:10 Image size of job updated: 16
	0  -  MemoryUsage of job (MB)
	0  -  ResidentSetSize of job (KB)
...
040 (6610.003.000) 2026-04-20 11:17:10 Started transferring output files
...
040 (6610.003.000) 2026-04-20 11:17:10 Finished transferring output files
...
005 (6610.003.000) 2026-04-20 11:17:10 Job terminated.
	(1) Normal termination (return value 0)
		Usr 0 00:00:02, Sys 0 00:00:00  -  Run Remote Usage
		Usr 0 00:00:00, Sys 0 00:00:00  -  Run Local Usage
		Usr 0 00:00:02, Sys 0 00:00:00  -  Total Remote Usage
		Usr 0 00:00:00, Sys 0 00:00:00  -  Total Local Usage
	2275  -  Run Bytes Sent By Job
	802498110  -  Run Bytes Received By Job
	2275  -  Total Bytes Sent By Job
	802498110  -  Total Bytes Received By Job
	Partitionable Resources :     Usage  Request Allocated 
	   Cpus                 :      0.14        1         1 
	   Disk (KB)            : 783720     1048576   1048576 
	   GPUs                 :                            0 
	   IoHeavy              :                            0 
	   Memory (MB)          :      0         512       512 
	   TimeExecute (s)      :      3                       
	   TimeSlotBusy (s)     :     10                       
...
