000 (6610.021.000) 2026-04-20 11:16:44 Job submitted from host: <128.105.76.6:9618?addrs=128.105.76.6-9618+[2607-f388-2200-100-216-3eff-fe63-f8a5]-9618&alias=learn.chtc.wisc.edu&noUDP&sock=schedd_6739_f8d1>
...
040 (6610.021.000) 2026-04-20 11:17:04 Started transferring input files
	Transferring to host: <128.105.69.133:9618?addrs=128.105.69.133-9618+[2607-f388-2200-100-1270-fdff-fe56-70f4]-9618&alias=e4082.chtc.wisc.edu&noUDP&sock=slot1_38_12109_a2c5_115110>
...
040 (6610.021.000) 2026-04-20 11:17:08 Finished transferring input files
...
001 (6610.021.000) 2026-04-20 11:17:08 Job executing on host: <128.105.69.133:9618?addrs=128.105.69.133-9618+[2607-f388-2200-100-1270-fdff-fe56-70f4]-9618&alias=e4082.chtc.wisc.edu&noUDP&sock=startd_10519_bccf>
	SlotName: slot1_38@e4082.chtc.wisc.edu
	CondorScratchDir = "/var/lib/condor/execute/slot1/dir_2736452/scratch"
	Cpus = 1
	Disk = 1048576
	GPUs = 0
	IoHeavy = 0
	Memory = 512
...
006 (6610.021.000) 2026-04-20 11:17:11 Image size of job updated: 84
	0  -  MemoryUsage of job (MB)
	0  -  ResidentSetSize of job (KB)
...
040 (6610.021.000) 2026-04-20 11:17:11 Started transferring output files
...
040 (6610.021.000) 2026-04-20 11:17:11 Finished transferring output files
...
005 (6610.021.000) 2026-04-20 11:17:14 Job terminated.
	(1) Normal termination (return value 0)
		Usr 0 00:00:01, Sys 0 00:00:01  -  Run Remote Usage
		Usr 0 00:00:00, Sys 0 00:00:00  -  Run Local Usage
		Usr 0 00:00:01, Sys 0 00:00:01  -  Total Remote Usage
		Usr 0 00:00:00, Sys 0 00:00:00  -  Total Local Usage
	2290  -  Run Bytes Sent By Job
	802441492  -  Run Bytes Received By Job
	2290  -  Total Bytes Sent By Job
	802441492  -  Total Bytes Received By Job
	Partitionable Resources :    Usage  Request Allocated 
	   Cpus                 :                 1         1 
	   Disk (KB)            :   783740  1048576   1048576 
	   GPUs                 :                           0 
	   IoHeavy              :                           0 
	   Memory (MB)          :        0      512       512 
	   TimeExecute (s)      :        3                    
	   TimeSlotBusy (s)     :        7                    
...
