000 (6610.000.000) 2026-04-20 11:16:44 Job submitted from host: <128.105.76.6:9618?addrs=128.105.76.6-9618+[2607-f388-2200-100-216-3eff-fe63-f8a5]-9618&alias=learn.chtc.wisc.edu&noUDP&sock=schedd_6739_f8d1>
...
040 (6610.000.000) 2026-04-20 11:17:00 Started transferring input files
	Transferring to host: <128.105.69.205:9618?addrs=128.105.69.205-9618+[2607-f388-2200-100-eaeb-d3ff-fe40-294c]-9618&alias=e2588.chtc.wisc.edu&noUDP&sock=slot1_18_3621996_97d0_124133>
...
040 (6610.000.000) 2026-04-20 11:17:00 Finished transferring input files
...
040 (6610.000.000) 2026-04-20 11:17:01 Started transferring output files
...
021 (6610.000.000) 2026-04-20 11:17:01 Error from starter on slot1_18@e2588.chtc.wisc.edu:
	Failed to transfer files: FILETRANSFER:1:non-zero exit (1) from /usr/libexec/condor/curl_plugin. |Error: Couldn't open file /staging/jgillett/R_tidyverse_FITSio.sif (with environment: http_proxy='http://squid-cs-2360.chtc.wisc.edu:3128', https_proxy='') ( URL file = file:///staging/jgillett/R_tidyverse_FITSio.sif )|
	Code 12 Subcode 256
...
004 (6610.000.000) 2026-04-20 11:17:02 Job was evicted. Code 13 Subcode 256
	(0) CPU times
		Usr 0 00:00:00, Sys 0 00:00:00  -  Run Remote Usage
		Usr 0 00:00:00, Sys 0 00:00:00  -  Run Local Usage
	0  -  Run Bytes Sent By Job
	0  -  Run Bytes Received By Job
	Reason: Transfer input files failure at execution point slot1_18@e2588.chtc.wisc.edu using protocol file. Details: Couldn't open file /staging/jgillett/R_tidyverse_FITSio.sif (with environment: http_proxy='http://squid-cs-2360.chtc.wisc.edu:3128', https_proxy='') ( URL file = file:///staging/jgillett/R_tidyverse_FITSio.sif )|
	Partitionable Resources :    Usage  Request Allocated 
	   Cpus                 :        0        1         1 
	   Disk (KB)            :     5461  1048576   1048576 
	   GPUs                 :                           0 
	   IoHeavy              :                           0 
	   Memory (MB)          :               512       512 
...
012 (6610.000.000) 2026-04-20 11:17:02 Job was held.
	Transfer input files failure at execution point slot1_18@e2588.chtc.wisc.edu using protocol file. Details: Couldn't open file /staging/jgillett/R_tidyverse_FITSio.sif (with environment: http_proxy='http://squid-cs-2360.chtc.wisc.edu:3128', https_proxy='') ( URL file = file:///staging/jgillett/R_tidyverse_FITSio.sif )|
	Code 13 Subcode 256
...
009 (6610.000.000) 2026-04-20 11:21:11 Job was aborted.
	via condor_rm (by user elissick)
...
