000 (6610.033.000) 2026-04-20 11:16:44 Job submitted from host: <128.105.76.6:9618?addrs=128.105.76.6-9618+[2607-f388-2200-100-216-3eff-fe63-f8a5]-9618&alias=learn.chtc.wisc.edu&noUDP&sock=schedd_6739_f8d1>
...
040 (6610.033.000) 2026-04-20 11:17:10 Started transferring input files
	Transferring to host: <128.105.69.165:9618?addrs=128.105.69.165-9618+[2607-f388-2200-100-1270-fdff-fe56-7194]-9618&alias=e2548.chtc.wisc.edu&noUDP&sock=slot1_13_3705201_0ae8_116587>
...
040 (6610.033.000) 2026-04-20 11:17:16 Finished transferring input files
...
001 (6610.033.000) 2026-04-20 11:17:16 Job executing on host: <128.105.69.165:9618?addrs=128.105.69.165-9618+[2607-f388-2200-100-1270-fdff-fe56-7194]-9618&alias=e2548.chtc.wisc.edu&noUDP&sock=startd_14698_2f17>
	SlotName: slot1_13@e2548.chtc.wisc.edu
	CondorScratchDir = "/var/lib/condor/execute/slot1/dir_1226969/scratch"
	Cpus = 1
	Disk = 1048576
	GPUs = 0
	IoHeavy = 0
	Memory = 512
...
006 (6610.033.000) 2026-04-20 11:17:18 Image size of job updated: 560
	0  -  MemoryUsage of job (MB)
	0  -  ResidentSetSize of job (KB)
...
040 (6610.033.000) 2026-04-20 11:17:18 Started transferring output files
...
040 (6610.033.000) 2026-04-20 11:17:18 Finished transferring output files
...
005 (6610.033.000) 2026-04-20 11:17:18 Job terminated.
	(1) Normal termination (return value 0)
		Usr 0 00:00:01, Sys 0 00:00:00  -  Run Remote Usage
		Usr 0 00:00:00, Sys 0 00:00:00  -  Run Local Usage
		Usr 0 00:00:01, Sys 0 00:00:00  -  Total Remote Usage
		Usr 0 00:00:00, Sys 0 00:00:00  -  Total Local Usage
	2251  -  Run Bytes Sent By Job
	802126334  -  Run Bytes Received By Job
	2251  -  Total Bytes Sent By Job
	802126334  -  Total Bytes Received By Job
	Partitionable Resources :    Usage  Request Allocated 
	   Cpus                 :        0        1         1 
	   Disk (KB)            :   783356  1048576   1048576 
	   GPUs                 :                           0 
	   IoHeavy              :                           0 
	   Memory (MB)          :        0      512       512 
	   TimeExecute (s)      :        2                    
	   TimeSlotBusy (s)     :        9                    
...
