000 (6611.036.000) 2026-04-20 11:21:35 Job submitted from host: <128.105.76.6:9618?addrs=128.105.76.6-9618+[2607-f388-2200-100-216-3eff-fe63-f8a5]-9618&alias=learn.chtc.wisc.edu&noUDP&sock=schedd_6739_f8d1>
...
040 (6611.036.000) 2026-04-20 11:22:25 Started transferring input files
	Transferring to host: <128.105.69.218:9618?addrs=128.105.69.218-9618+[2607-f388-2200-100-eaeb-d3ff-fe40-f94]-9618&alias=e2601.chtc.wisc.edu&noUDP&sock=slot1_41_4088927_b91c_127598>
...
040 (6611.036.000) 2026-04-20 11:22:29 Finished transferring input files
...
001 (6611.036.000) 2026-04-20 11:22:29 Job executing on host: <128.105.69.218:9618?addrs=128.105.69.218-9618+[2607-f388-2200-100-eaeb-d3ff-fe40-f94]-9618&alias=e2601.chtc.wisc.edu&noUDP&sock=startd_14562_e635>
	SlotName: slot1_41@e2601.chtc.wisc.edu
	CondorScratchDir = "/var/lib/condor/execute/slot1/dir_1618513/scratch"
	Cpus = 1
	Disk = 1048576
	GPUs = 0
	IoHeavy = 0
	Memory = 512
...
006 (6611.036.000) 2026-04-20 11:22:32 Image size of job updated: 16
	0  -  MemoryUsage of job (MB)
	0  -  ResidentSetSize of job (KB)
...
040 (6611.036.000) 2026-04-20 11:22:32 Started transferring output files
...
040 (6611.036.000) 2026-04-20 11:22:32 Finished transferring output files
...
005 (6611.036.000) 2026-04-20 11:22:32 Job terminated.
	(1) Normal termination (return value 0)
		Usr 0 00:00:01, Sys 0 00:00:00  -  Run Remote Usage
		Usr 0 00:00:00, Sys 0 00:00:00  -  Run Local Usage
		Usr 0 00:00:01, Sys 0 00:00:00  -  Total Remote Usage
		Usr 0 00:00:00, Sys 0 00:00:00  -  Total Local Usage
	2253  -  Run Bytes Sent By Job
	802167645  -  Run Bytes Received By Job
	2253  -  Total Bytes Sent By Job
	802167645  -  Total Bytes Received By Job
	Partitionable Resources :    Usage  Request Allocated 
	   Cpus                 :        0        1         1 
	   Disk (KB)            :   783397  1048576   1048576 
	   GPUs                 :                           0 
	   IoHeavy              :                           0 
	   Memory (MB)          :        0      512       512 
	   TimeExecute (s)      :        3                    
	   TimeSlotBusy (s)     :        7                    
...
