000 (6611.023.000) 2026-04-20 11:21:35 Job submitted from host: <128.105.76.6:9618?addrs=128.105.76.6-9618+[2607-f388-2200-100-216-3eff-fe63-f8a5]-9618&alias=learn.chtc.wisc.edu&noUDP&sock=schedd_6739_f8d1>
...
040 (6611.023.000) 2026-04-20 11:22:20 Started transferring input files
	Transferring to host: <128.105.69.195:9618?addrs=128.105.69.195-9618+[2607-f388-2200-100-1270-fdff-fe56-6f44]-9618&alias=e4048.chtc.wisc.edu&noUDP&sock=slot1_53_3405890_5dbc_117109>
...
040 (6611.023.000) 2026-04-20 11:22:30 Finished transferring input files
...
001 (6611.023.000) 2026-04-20 11:22:30 Job executing on host: <128.105.69.195:9618?addrs=128.105.69.195-9618+[2607-f388-2200-100-1270-fdff-fe56-6f44]-9618&alias=e4048.chtc.wisc.edu&noUDP&sock=startd_16883_e986>
	SlotName: slot1_53@e4048.chtc.wisc.edu
	CondorScratchDir = "/var/lib/condor/execute/slot1/dir_3213844/scratch"
	Cpus = 1
	Disk = 1048576
	GPUs = 0
	IoHeavy = 0
	Memory = 512
...
006 (6611.023.000) 2026-04-20 11:22:34 Image size of job updated: 2948
	0  -  MemoryUsage of job (MB)
	0  -  ResidentSetSize of job (KB)
...
040 (6611.023.000) 2026-04-20 11:22:34 Started transferring output files
...
040 (6611.023.000) 2026-04-20 11:22:34 Finished transferring output files
...
005 (6611.023.000) 2026-04-20 11:22:35 Job terminated.
	(1) Normal termination (return value 0)
		Usr 0 00:00:02, Sys 0 00:00:01  -  Run Remote Usage
		Usr 0 00:00:00, Sys 0 00:00:00  -  Run Local Usage
		Usr 0 00:00:02, Sys 0 00:00:01  -  Total Remote Usage
		Usr 0 00:00:00, Sys 0 00:00:00  -  Total Local Usage
	2242  -  Run Bytes Sent By Job
	801990749  -  Run Bytes Received By Job
	2242  -  Total Bytes Sent By Job
	801990749  -  Total Bytes Received By Job
	Partitionable Resources :    Usage  Request Allocated 
	   Cpus                 :                 1         1 
	   Disk (KB)            :   783300  1048576   1048576 
	   GPUs                 :                           0 
	   IoHeavy              :                           0 
	   Memory (MB)          :        0      512       512 
	   TimeExecute (s)      :        4                    
	   TimeSlotBusy (s)     :       14                    
...
