000 (6610.032.000) 2026-04-20 11:16:44 Job submitted from host: <128.105.76.6:9618?addrs=128.105.76.6-9618+[2607-f388-2200-100-216-3eff-fe63-f8a5]-9618&alias=learn.chtc.wisc.edu&noUDP&sock=schedd_6739_f8d1>
...
040 (6610.032.000) 2026-04-20 11:17:11 Started transferring input files
	Transferring to host: <128.105.69.92:9618?addrs=128.105.69.92-9618+[2607-f388-2200-100-1270-fdff-fe56-689c]-9618&alias=e4003.chtc.wisc.edu&noUDP&sock=slot1_147_3187639_caf1_102107>
...
040 (6610.032.000) 2026-04-20 11:17:20 Finished transferring input files
...
001 (6610.032.000) 2026-04-20 11:17:20 Job executing on host: <128.105.69.92:9618?addrs=128.105.69.92-9618+[2607-f388-2200-100-1270-fdff-fe56-689c]-9618&alias=e4003.chtc.wisc.edu&noUDP&sock=startd_16564_1ad0>
	SlotName: slot1_147@e4003.chtc.wisc.edu
	CondorScratchDir = "/var/lib/condor/execute/slot1/dir_1128103/scratch"
	Cpus = 1
	Disk = 1048576
	GPUs = 0
	IoHeavy = 0
	Memory = 512
...
006 (6610.032.000) 2026-04-20 11:17:25 Image size of job updated: 2332
	0  -  MemoryUsage of job (MB)
	0  -  ResidentSetSize of job (KB)
...
040 (6610.032.000) 2026-04-20 11:17:25 Started transferring output files
...
040 (6610.032.000) 2026-04-20 11:17:25 Finished transferring output files
...
005 (6610.032.000) 2026-04-20 11:17:26 Job terminated.
	(1) Normal termination (return value 0)
		Usr 0 00:00:03, Sys 0 00:00:01  -  Run Remote Usage
		Usr 0 00:00:00, Sys 0 00:00:00  -  Run Local Usage
		Usr 0 00:00:03, Sys 0 00:00:01  -  Total Remote Usage
		Usr 0 00:00:00, Sys 0 00:00:00  -  Total Local Usage
	2240  -  Run Bytes Sent By Job
	802487931  -  Run Bytes Received By Job
	2240  -  Total Bytes Sent By Job
	802487931  -  Total Bytes Received By Job
	Partitionable Resources :    Usage  Request Allocated 
	   Cpus                 :        0        1         1 
	   Disk (KB)            :   783788  1048576   1048576 
	   GPUs                 :                           0 
	   IoHeavy              :                           0 
	   Memory (MB)          :        0      512       512 
	   TimeExecute (s)      :        5                    
	   TimeSlotBusy (s)     :       15                    
...
